current directory: /home/imarobot/dev_env/finansowanie/path/ruby/2.5.0/gems/pg-0.21.0/ext
/usr/bin/ruby2.5 -r ./siteconf20180726-5033-omq883.rb extconf.rb --with-pg-config=/usr/pgsql-9.1/bin/pg_config
Using config values from /usr/pgsql-9.1/bin/pg_config
sh: 1: /usr/pgsql-9.1/bin/pg_config: not found
sh: 1: /usr/pgsql-9.1/bin/pg_config: not found
checking for libpq-fe.h... no
Can't find the 'libpq-fe.h header
*** extconf.rb failed ***
Could not create Makefile due to some reason, probably lack of necessary
libraries and/or headers.  Check the mkmf.log file for more details.  You may
need configuration options.

Provided configuration options:
	--with-opt-dir
	--without-opt-dir
	--with-opt-include
	--without-opt-include=${opt-dir}/include
	--with-opt-lib
	--without-opt-lib=${opt-dir}/lib
	--with-make-prog
	--without-make-prog
	--srcdir=.
	--curdir
	--ruby=/usr/bin/$(RUBY_BASE_NAME)2.5
	--with-pg
	--without-pg
	--enable-windows-cross
	--disable-windows-cross
	--with-pg-config
	--with-pg-dir
	--without-pg-dir
	--with-pg-include
	--without-pg-include=${pg-dir}/include
	--with-pg-lib
	--without-pg-lib=${pg-dir}/lib

To see why this extension failed to compile, please check the mkmf.log which can be found here:

  /home/imarobot/dev_env/finansowanie/path/ruby/2.5.0/extensions/x86_64-linux/2.5.0/pg-0.21.0/mkmf.log

extconf failed, exit code 1
